<?xml version="1.0" encoding="UTF-8"?>
<!-- Generated by org.testng.reporters.JUnitReportReporter -->
<testsuite hostname="RahmadAlfianM" failures="0" tests="1" name="DemoBlaze.TCLOGIN001" time="6.472" errors="0" timestamp="2023-08-06T21:10:00 ICT" skipped="0">
  <testcase classname="DemoBlaze.TCLOGIN001" name="signUp" time="6.472"/>
  <system-out/>
</testsuite> <!-- DemoBlaze.TCLOGIN001 -->
