<?xml version="1.0" encoding="UTF-8"?>
<!-- Generated by org.testng.reporters.JUnitReportReporter -->
<testsuite hostname="RahmadAlfianM" failures="0" tests="2" name="DemoBlaze.TCHP001" time="6.408" errors="0" timestamp="2023-08-06T21:24:14 ICT" skipped="0">
  <testcase classname="DemoBlaze.TCHP001" name="signIn" time="6.236"/>
  <system-out/>
  <testcase classname="DemoBlaze.TCHP001" name="homePage" time="0.172"/>
  <system-out/>
</testsuite> <!-- DemoBlaze.TCHP001 -->
