<?xml version="1.0" encoding="UTF-8"?>
<!-- Generated by org.testng.reporters.JUnitReportReporter -->
<testsuite hostname="RahmadAlfianM" failures="0" tests="3" name="DemoBlaze.TCHP004" time="9.768" errors="0" timestamp="2023-08-06T23:42:51 ICT" skipped="0">
  <testcase classname="DemoBlaze.TCHP004" name="signIn" time="6.412"/>
  <system-out/>
  <testcase classname="DemoBlaze.TCHP004" name="homePage" time="0.136"/>
  <system-out/>
  <testcase classname="DemoBlaze.TCHP004" name="phoneCategories" time="3.220"/>
  <system-out/>
</testsuite> <!-- DemoBlaze.TCHP004 -->
