<?xml version="1.0" encoding="UTF-8"?>
<!-- Generated by org.testng.reporters.JUnitReportReporter -->
<testsuite hostname="RahmadAlfianM" failures="0" tests="5" name="DemoBlaze.TCCART003" time="28.190" errors="0" timestamp="2023-08-06T23:55:09 ICT" skipped="0">
  <testcase classname="DemoBlaze.TCCART003" name="signIn" time="6.413"/>
  <system-out/>
  <testcase classname="DemoBlaze.TCCART003" name="homePage" time="0.154"/>
  <system-out/>
  <testcase classname="DemoBlaze.TCCART003" name="monitorCategories" time="3.187"/>
  <system-out/>
  <testcase classname="DemoBlaze.TCCART003" name="detailProduct" time="5.983"/>
  <system-out/>
  <testcase classname="DemoBlaze.TCCART003" name="addToCart" time="12.453"/>
  <system-out/>
</testsuite> <!-- DemoBlaze.TCCART003 -->
