<?xml version="1.0" encoding="UTF-8"?>
<!-- Generated by org.testng.reporters.JUnitReportReporter -->
<testsuite hostname="RahmadAlfianM" failures="0" tests="3" name="DemoBlaze.TCHP005" time="9.924" errors="0" timestamp="2023-08-06T23:41:36 ICT" skipped="0">
  <testcase classname="DemoBlaze.TCHP005" name="signIn" time="6.508"/>
  <system-out/>
  <testcase classname="DemoBlaze.TCHP005" name="homePage" time="0.154"/>
  <system-out/>
  <testcase classname="DemoBlaze.TCHP005" name="phoneCategories" time="3.262"/>
  <system-out/>
</testsuite> <!-- DemoBlaze.TCHP005 -->
