<?xml version="1.0" encoding="UTF-8"?>
<!-- Generated by org.testng.reporters.JUnitReportReporter -->
<testsuite hostname="RahmadAlfianM" failures="0" tests="3" name="DemoBlaze.TCHP006" time="6.720" errors="0" timestamp="2023-08-06T23:45:41 ICT" skipped="0">
  <testcase classname="DemoBlaze.TCHP006" name="signIn" time="6.407"/>
  <system-out/>
  <testcase classname="DemoBlaze.TCHP006" name="homePage" time="0.020"/>
  <system-out/>
  <testcase classname="DemoBlaze.TCHP006" name="allCategories" time="0.293"/>
  <system-out/>
</testsuite> <!-- DemoBlaze.TCHP006 -->
