<?xml version="1.0" encoding="UTF-8"?>
<!-- Generated by org.testng.reporters.JUnitReportReporter -->
<testsuite hostname="RahmadAlfianM" failures="0" tests="3" name="DemoBlaze.TCHP003" time="9.657" errors="0" timestamp="2023-08-06T23:43:30 ICT" skipped="0">
  <testcase classname="DemoBlaze.TCHP003" name="signIn" time="6.262"/>
  <system-out/>
  <testcase classname="DemoBlaze.TCHP003" name="homePage" time="0.158"/>
  <system-out/>
  <testcase classname="DemoBlaze.TCHP003" name="phoneCategories" time="3.237"/>
  <system-out/>
</testsuite> <!-- DemoBlaze.TCHP003 -->
