<?xml version="1.0" encoding="UTF-8"?>
<!-- Generated by org.testng.reporters.JUnitReportReporter -->
<testsuite hostname="RahmadAlfianM" failures="0" tests="5" name="DemoBlaze.TCORDER001" time="39.345" errors="0" timestamp="2023-08-06T23:13:32 ICT" skipped="0">
  <testcase classname="DemoBlaze.TCORDER001" name="signIn" time="6.582"/>
  <system-out/>
  <testcase classname="DemoBlaze.TCORDER001" name="homePage" time="0.162"/>
  <system-out/>
  <testcase classname="DemoBlaze.TCORDER001" name="detailProduct" time="5.897"/>
  <system-out/>
  <testcase classname="DemoBlaze.TCORDER001" name="addToCart" time="12.887"/>
  <system-out/>
  <testcase classname="DemoBlaze.TCORDER001" name="PlaceOrder" time="13.817"/>
  <system-out/>
</testsuite> <!-- DemoBlaze.TCORDER001 -->
