<?xml version="1.0" encoding="UTF-8"?>
<!-- Generated by org.testng.reporters.JUnitReportReporter -->
<testsuite hostname="RahmadAlfianM" failures="0" tests="1" name="DemoBlaze.NewTest" time="4.409" errors="0" timestamp="2023-08-06T19:35:11 ICT" skipped="0">
  <testcase classname="DemoBlaze.NewTest" name="login" time="4.409"/>
  <system-out/>
</testsuite> <!-- DemoBlaze.NewTest -->
