<?xml version="1.0" encoding="UTF-8"?>
<!-- Generated by org.testng.reporters.JUnitReportReporter -->
<testsuite hostname="RahmadAlfianM" failures="0" tests="1" name="DemoBlaze.TCLOGIN003" time="11.925" errors="0" timestamp="2023-08-06T23:33:07 ICT" skipped="0">
  <testcase classname="DemoBlaze.TCLOGIN003" name="signIn" time="11.925"/>
  <system-out/>
</testsuite> <!-- DemoBlaze.TCLOGIN003 -->
