<?xml version="1.0" encoding="UTF-8"?>
<!-- Generated by org.testng.reporters.JUnitReportReporter -->
<testsuite hostname="RahmadAlfianM" failures="0" tests="3" name="DemoBlaze.TCHP002" time="9.634" errors="0" timestamp="2023-08-06T23:47:21 ICT" skipped="0">
  <testcase classname="DemoBlaze.TCHP002" name="signIn" time="6.581"/>
  <system-out/>
  <testcase classname="DemoBlaze.TCHP002" name="homePage" time="0.167"/>
  <system-out/>
  <testcase classname="DemoBlaze.TCHP002" name="redirectedToHomePage" time="2.886"/>
  <system-out/>
</testsuite> <!-- DemoBlaze.TCHP002 -->
