<?xml version="1.0" encoding="UTF-8"?>
<!-- Generated by org.testng.reporters.JUnitReportReporter -->
<testsuite hostname="RahmadAlfianM" failures="0" tests="4" name="DemoBlaze.TCPDP002" time="16.207" errors="0" timestamp="2023-08-06T23:49:38 ICT" skipped="0">
  <testcase classname="DemoBlaze.TCPDP002" name="signIn" time="6.490"/>
  <system-out/>
  <testcase classname="DemoBlaze.TCPDP002" name="homePage" time="0.174"/>
  <system-out/>
  <testcase classname="DemoBlaze.TCPDP002" name="laptopCategories" time="3.221"/>
  <system-out/>
  <testcase classname="DemoBlaze.TCPDP002" name="detailProduct" time="6.322"/>
  <system-out/>
</testsuite> <!-- DemoBlaze.TCPDP002 -->
