<?xml version="1.0" encoding="UTF-8"?>
<!-- Generated by org.testng.reporters.JUnitReportReporter -->
<testsuite hostname="RahmadAlfianM" failures="0" tests="5" name="DemoBlaze.TCORDER002" time="35.465" errors="0" timestamp="2023-08-06T23:17:23 ICT" skipped="0">
  <testcase classname="DemoBlaze.TCORDER002" name="signIn" time="6.538"/>
  <system-out/>
  <testcase classname="DemoBlaze.TCORDER002" name="homePage" time="0.178"/>
  <system-out/>
  <testcase classname="DemoBlaze.TCORDER002" name="detailProduct" time="6.023"/>
  <system-out/>
  <testcase classname="DemoBlaze.TCORDER002" name="addToCart" time="13.346"/>
  <system-out/>
  <testcase classname="DemoBlaze.TCORDER002" name="PlaceOrder" time="9.380"/>
  <system-out/>
</testsuite> <!-- DemoBlaze.TCORDER002 -->
