<?xml version="1.0" encoding="UTF-8"?>
<!-- Generated by org.testng.reporters.JUnitReportReporter -->
<testsuite hostname="RahmadAlfianM" failures="0" tests="5" name="DemoBlaze.TCCART002" time="28.411" errors="0" timestamp="2023-08-06T23:53:43 ICT" skipped="0">
  <testcase classname="DemoBlaze.TCCART002" name="signIn" time="6.392"/>
  <system-out/>
  <testcase classname="DemoBlaze.TCCART002" name="homePage" time="0.148"/>
  <system-out/>
  <testcase classname="DemoBlaze.TCCART002" name="laptopCategories" time="3.212"/>
  <system-out/>
  <testcase classname="DemoBlaze.TCCART002" name="detailProduct" time="6.267"/>
  <system-out/>
  <testcase classname="DemoBlaze.TCCART002" name="addToCart" time="12.392"/>
  <system-out/>
</testsuite> <!-- DemoBlaze.TCCART002 -->
