<?xml version="1.0" encoding="UTF-8"?>
<!-- Generated by org.testng.reporters.JUnitReportReporter -->
<testsuite hostname="RahmadAlfianM" failures="0" tests="5" name="DemoBlaze.TCORDER004" time="38.611" errors="0" timestamp="2023-08-06T23:21:17 ICT" skipped="0">
  <testcase classname="DemoBlaze.TCORDER004" name="signIn" time="6.676"/>
  <system-out/>
  <testcase classname="DemoBlaze.TCORDER004" name="homePage" time="0.196"/>
  <system-out/>
  <testcase classname="DemoBlaze.TCORDER004" name="detailProduct" time="6.306"/>
  <system-out/>
  <testcase classname="DemoBlaze.TCORDER004" name="addToCart" time="12.864"/>
  <system-out/>
  <testcase classname="DemoBlaze.TCORDER004" name="PlaceOrder" time="12.569"/>
  <system-out/>
</testsuite> <!-- DemoBlaze.TCORDER004 -->
