<?xml version="1.0" encoding="UTF-8"?>
<!-- Generated by org.testng.reporters.JUnitReportReporter -->
<testsuite hostname="RahmadAlfianM" failures="0" tests="1" name="DemoBlaze.TCREG002" time="6.338" errors="0" timestamp="2023-08-06T23:23:19 ICT" skipped="0">
  <testcase classname="DemoBlaze.TCREG002" name="signUp" time="6.338"/>
  <system-out/>
</testsuite> <!-- DemoBlaze.TCREG002 -->
