<?xml version="1.0" encoding="UTF-8"?>
<!-- Generated by org.testng.reporters.JUnitReportReporter -->
<testsuite hostname="RahmadAlfianM" failures="0" tests="5" name="DemoBlaze.TCCART004" time="39.837" errors="0" timestamp="2023-08-07T00:20:59 ICT" skipped="0">
  <testcase classname="DemoBlaze.TCCART004" name="signIn" time="6.328"/>
  <system-out/>
  <testcase classname="DemoBlaze.TCCART004" name="homePage" time="0.029"/>
  <system-out/>
  <testcase classname="DemoBlaze.TCCART004" name="monitorCategories" time="3.207"/>
  <system-out/>
  <testcase classname="DemoBlaze.TCCART004" name="detailProduct" time="6.277"/>
  <system-out/>
  <testcase classname="DemoBlaze.TCCART004" name="addToCart" time="23.996"/>
  <system-out/>
</testsuite> <!-- DemoBlaze.TCCART004 -->
