<?xml version="1.0" encoding="UTF-8"?>
<!-- Generated by org.testng.reporters.JUnitReportReporter -->
<testsuite hostname="RahmadAlfianM" failures="0" tests="2" name="DemoBlaze.TCLOGIN005" time="9.320" errors="0" timestamp="2023-08-06T23:36:31 ICT" skipped="0">
  <testcase classname="DemoBlaze.TCLOGIN005" name="signIn" time="6.595"/>
  <system-out/>
  <testcase classname="DemoBlaze.TCLOGIN005" name="logout" time="2.725"/>
  <system-out/>
</testsuite> <!-- DemoBlaze.TCLOGIN005 -->
