<?xml version="1.0" encoding="UTF-8"?>
<!-- Generated by org.testng.reporters.JUnitReportReporter -->
<testsuite hostname="RahmadAlfianM" failures="0" tests="4" name="DemoBlaze.TCPDP003" time="16.389" errors="0" timestamp="2023-08-06T23:50:50 ICT" skipped="0">
  <testcase classname="DemoBlaze.TCPDP003" name="signIn" time="6.610"/>
  <system-out/>
  <testcase classname="DemoBlaze.TCPDP003" name="homePage" time="0.159"/>
  <system-out/>
  <testcase classname="DemoBlaze.TCPDP003" name="monitorCategories" time="3.170"/>
  <system-out/>
  <testcase classname="DemoBlaze.TCPDP003" name="detailProduct" time="6.450"/>
  <system-out/>
</testsuite> <!-- DemoBlaze.TCPDP003 -->
