<?xml version="1.0" encoding="UTF-8"?>
<!-- Generated by org.testng.reporters.JUnitReportReporter -->
<testsuite hostname="RahmadAlfianM" failures="0" tests="5" name="DemoBlaze.TCORDER003" time="37.905" errors="0" timestamp="2023-08-06T23:19:03 ICT" skipped="0">
  <testcase classname="DemoBlaze.TCORDER003" name="signIn" time="6.429"/>
  <system-out/>
  <testcase classname="DemoBlaze.TCORDER003" name="homePage" time="0.169"/>
  <system-out/>
  <testcase classname="DemoBlaze.TCORDER003" name="detailProduct" time="6.002"/>
  <system-out/>
  <testcase classname="DemoBlaze.TCORDER003" name="addToCart" time="12.785"/>
  <system-out/>
  <testcase classname="DemoBlaze.TCORDER003" name="PlaceOrder" time="12.520"/>
  <system-out/>
</testsuite> <!-- DemoBlaze.TCORDER003 -->
