<?xml version="1.0" encoding="UTF-8"?>
<!-- Generated by org.testng.reporters.JUnitReportReporter -->
<testsuite hostname="RahmadAlfianM" failures="0" tests="1" name="DemoBlaze.TCLOGIN002" time="13.844" errors="0" timestamp="2023-08-06T23:27:40 ICT" skipped="0">
  <testcase classname="DemoBlaze.TCLOGIN002" name="signIn" time="13.844"/>
  <system-out/>
</testsuite> <!-- DemoBlaze.TCLOGIN002 -->
